2023/10/21 10:28:10 [notice] 1#1: using the "epoll" event method
2023/10/21 10:28:10 [notice] 1#1: nginx/1.25.2
2023/10/21 10:28:10 [notice] 1#1: built by gcc 12.2.0 (Debian 12.2.0-14) 
2023/10/21 10:28:10 [notice] 1#1: OS: Linux 5.15.90.1-microsoft-standard-WSL2
2023/10/21 10:28:10 [notice] 1#1: getrlimit(RLIMIT_NOFILE): 1048576:1048576
2023/10/21 10:28:10 [notice] 1#1: start worker processes
2023/10/21 10:28:10 [notice] 1#1: start worker process 29
2023/10/21 10:28:10 [notice] 1#1: start worker process 30
2023/10/21 10:28:10 [notice] 1#1: start worker process 31
2023/10/21 10:28:10 [notice] 1#1: start worker process 32
2023/10/21 10:28:10 [notice] 1#1: start worker process 33
2023/10/21 10:28:10 [notice] 1#1: start worker process 34
2023/10/21 10:28:10 [notice] 1#1: start worker process 35
2023/10/21 10:28:10 [notice] 1#1: start worker process 36
2023/10/21 10:28:10 [notice] 1#1: start worker process 37
2023/10/21 10:28:10 [notice] 1#1: start worker process 38
2023/10/21 10:28:10 [notice] 1#1: start worker process 39
2023/10/21 10:28:10 [notice] 1#1: start worker process 40
2023/10/21 10:31:20 [notice] 1#1: signal 3 (SIGQUIT) received, shutting down
2023/10/21 10:31:20 [notice] 29#29: gracefully shutting down
2023/10/21 10:31:20 [notice] 30#30: gracefully shutting down
2023/10/21 10:31:20 [notice] 29#29: exiting
2023/10/21 10:31:20 [notice] 32#32: gracefully shutting down
2023/10/21 10:31:20 [notice] 35#35: gracefully shutting down
2023/10/21 10:31:20 [notice] 30#30: exiting
2023/10/21 10:31:20 [notice] 29#29: exit
2023/10/21 10:31:20 [notice] 31#31: gracefully shutting down
2023/10/21 10:31:20 [notice] 32#32: exiting
2023/10/21 10:31:20 [notice] 35#35: exiting
2023/10/21 10:31:20 [notice] 32#32: exit
2023/10/21 10:31:20 [notice] 31#31: exiting
2023/10/21 10:31:20 [notice] 35#35: exit
2023/10/21 10:31:20 [notice] 30#30: exit
2023/10/21 10:31:20 [notice] 31#31: exit
2023/10/21 10:31:20 [notice] 34#34: gracefully shutting down
2023/10/21 10:31:20 [notice] 34#34: exiting
2023/10/21 10:31:20 [notice] 34#34: exit
2023/10/21 10:31:20 [notice] 36#36: gracefully shutting down
2023/10/21 10:31:20 [notice] 33#33: gracefully shutting down
2023/10/21 10:31:20 [notice] 36#36: exiting
2023/10/21 10:31:20 [notice] 38#38: gracefully shutting down
2023/10/21 10:31:20 [notice] 33#33: exiting
2023/10/21 10:31:20 [notice] 37#37: gracefully shutting down
2023/10/21 10:31:20 [notice] 39#39: gracefully shutting down
2023/10/21 10:31:20 [notice] 38#38: exiting
2023/10/21 10:31:20 [notice] 36#36: exit
2023/10/21 10:31:20 [notice] 33#33: exit
2023/10/21 10:31:20 [notice] 39#39: exiting
2023/10/21 10:31:20 [notice] 37#37: exiting
2023/10/21 10:31:20 [notice] 39#39: exit
2023/10/21 10:31:20 [notice] 37#37: exit
2023/10/21 10:31:20 [notice] 38#38: exit
2023/10/21 10:31:20 [notice] 40#40: gracefully shutting down
2023/10/21 10:31:20 [notice] 40#40: exiting
2023/10/21 10:31:20 [notice] 40#40: exit
2023/10/21 10:31:21 [notice] 1#1: signal 17 (SIGCHLD) received from 35
2023/10/21 10:31:21 [notice] 1#1: worker process 32 exited with code 0
2023/10/21 10:31:21 [notice] 1#1: worker process 35 exited with code 0
2023/10/21 10:31:21 [notice] 1#1: worker process 40 exited with code 0
2023/10/21 10:31:21 [notice] 1#1: signal 29 (SIGIO) received
2023/10/21 10:31:21 [notice] 1#1: signal 17 (SIGCHLD) received from 31
2023/10/21 10:31:21 [notice] 1#1: worker process 31 exited with code 0
2023/10/21 10:31:21 [notice] 1#1: signal 29 (SIGIO) received
2023/10/21 10:31:21 [notice] 1#1: signal 17 (SIGCHLD) received from 38
2023/10/21 10:31:21 [notice] 1#1: worker process 30 exited with code 0
2023/10/21 10:31:21 [notice] 1#1: worker process 37 exited with code 0
2023/10/21 10:31:21 [notice] 1#1: worker process 38 exited with code 0
2023/10/21 10:31:21 [notice] 1#1: worker process 39 exited with code 0
2023/10/21 10:31:21 [notice] 1#1: signal 29 (SIGIO) received
2023/10/21 10:31:21 [notice] 1#1: signal 17 (SIGCHLD) received from 37
2023/10/21 10:31:21 [notice] 1#1: signal 17 (SIGCHLD) received from 34
2023/10/21 10:31:21 [notice] 1#1: worker process 29 exited with code 0
2023/10/21 10:31:21 [notice] 1#1: worker process 34 exited with code 0
2023/10/21 10:31:21 [notice] 1#1: worker process 33 exited with code 0
2023/10/21 10:31:21 [notice] 1#1: worker process 36 exited with code 0
2023/10/21 10:31:21 [notice] 1#1: exit
